


ARM Macro Assembler    Page 1 


    1 00000000         ; gpio.s
    2 00000000         ; Desenvolvido para a placa EK-TM4C1294XL
    3 00000000         ; Prof. Guilherme Peron
    4 00000000         ; 24/08/2020
    5 00000000         
    6 00000000         ; ------------------------------------------------------
                       -------------------------
    7 00000000                 THUMB                        ; Instruções do tip
                                                            o Thumb-2
    8 00000000         ; ------------------------------------------------------
                       -------------------------
    9 00000000         ; Declarações EQU - Defines
   10 00000000         ; ========================
   11 00000000         ; Definições de Valores
   12 00000000 00000001 
                       BIT0    EQU              2_0001
   13 00000000 00000002 
                       BIT1    EQU              2_0010
   14 00000000         ; ========================
   15 00000000         ; Definições dos Registradores Gerais
   16 00000000 400FE608 
                       SYSCTL_RCGCGPIO_R
                               EQU              0x400FE608
   17 00000000 400FEA08 
                       SYSCTL_PRGPIO_R
                               EQU              0x400FEA08
   18 00000000         ; ========================
   19 00000000         ; Definições dos Ports
   20 00000000         ; PORT A
   21 00000000 40058000 
                       GPIO_PORTA_AHB_DATA_BITS_R
                               EQU              0x40058000
   22 00000000 400583FC 
                       GPIO_PORTA_AHB_DATA_R
                               EQU              0x400583FC
   23 00000000 40058400 
                       GPIO_PORTA_AHB_DIR_R
                               EQU              0x40058400
   24 00000000 40058404 
                       GPIO_PORTA_AHB_IS_R
                               EQU              0x40058404
   25 00000000 40058408 
                       GPIO_PORTA_AHB_IBE_R
                               EQU              0x40058408
   26 00000000 4005840C 
                       GPIO_PORTA_AHB_IEV_R
                               EQU              0x4005840C
   27 00000000 40058410 
                       GPIO_PORTA_AHB_IM_R
                               EQU              0x40058410
   28 00000000 40058414 
                       GPIO_PORTA_AHB_RIS_R
                               EQU              0x40058414
   29 00000000 40058418 
                       GPIO_PORTA_AHB_MIS_R
                               EQU              0x40058418
   30 00000000 4005841C 
                       GPIO_PORTA_AHB_ICR_R
                               EQU              0x4005841C



ARM Macro Assembler    Page 2 


   31 00000000 40058420 
                       GPIO_PORTA_AHB_AFSEL_R
                               EQU              0x40058420
   32 00000000 40058500 
                       GPIO_PORTA_AHB_DR2R_R
                               EQU              0x40058500
   33 00000000 40058504 
                       GPIO_PORTA_AHB_DR4R_R
                               EQU              0x40058504
   34 00000000 40058508 
                       GPIO_PORTA_AHB_DR8R_R
                               EQU              0x40058508
   35 00000000 4005850C 
                       GPIO_PORTA_AHB_ODR_R
                               EQU              0x4005850C
   36 00000000 40058510 
                       GPIO_PORTA_AHB_PUR_R
                               EQU              0x40058510
   37 00000000 40058514 
                       GPIO_PORTA_AHB_PDR_R
                               EQU              0x40058514
   38 00000000 40058518 
                       GPIO_PORTA_AHB_SLR_R
                               EQU              0x40058518
   39 00000000 4005851C 
                       GPIO_PORTA_AHB_DEN_R
                               EQU              0x4005851C
   40 00000000 40058520 
                       GPIO_PORTA_AHB_LOCK_R
                               EQU              0x40058520
   41 00000000 40058524 
                       GPIO_PORTA_AHB_CR_R
                               EQU              0x40058524
   42 00000000 40058528 
                       GPIO_PORTA_AHB_AMSEL_R
                               EQU              0x40058528
   43 00000000 4005852C 
                       GPIO_PORTA_AHB_PCTL_R
                               EQU              0x4005852C
   44 00000000 40058530 
                       GPIO_PORTA_AHB_ADCCTL_R
                               EQU              0x40058530
   45 00000000 40058534 
                       GPIO_PORTA_AHB_DMACTL_R
                               EQU              0x40058534
   46 00000000 40058538 
                       GPIO_PORTA_AHB_SI_R
                               EQU              0x40058538
   47 00000000 4005853C 
                       GPIO_PORTA_AHB_DR12R_R
                               EQU              0x4005853C
   48 00000000 40058540 
                       GPIO_PORTA_AHB_WAKEPEN_R
                               EQU              0x40058540
   49 00000000 40058544 
                       GPIO_PORTA_AHB_WAKELVL_R
                               EQU              0x40058544
   50 00000000 40058548 
                       GPIO_PORTA_AHB_WAKESTAT_R



ARM Macro Assembler    Page 3 


                               EQU              0x40058548
   51 00000000 40058FC0 
                       GPIO_PORTA_AHB_PP_R
                               EQU              0x40058FC0
   52 00000000 40058FC4 
                       GPIO_PORTA_AHB_PC_R
                               EQU              0x40058FC4
   53 00000000 00000001 
                       GPIO_PORTA
                               EQU              2_000000000000001
   54 00000000         ; PORT B
   55 00000000 40059000 
                       GPIO_PORTB_AHB_DATA_BITS_R
                               EQU              0x40059000
   56 00000000 400593FC 
                       GPIO_PORTB_AHB_DATA_R
                               EQU              0x400593FC
   57 00000000 40059400 
                       GPIO_PORTB_AHB_DIR_R
                               EQU              0x40059400
   58 00000000 40059404 
                       GPIO_PORTB_AHB_IS_R
                               EQU              0x40059404
   59 00000000 40059408 
                       GPIO_PORTB_AHB_IBE_R
                               EQU              0x40059408
   60 00000000 4005940C 
                       GPIO_PORTB_AHB_IEV_R
                               EQU              0x4005940C
   61 00000000 40059410 
                       GPIO_PORTB_AHB_IM_R
                               EQU              0x40059410
   62 00000000 40059414 
                       GPIO_PORTB_AHB_RIS_R
                               EQU              0x40059414
   63 00000000 40059418 
                       GPIO_PORTB_AHB_MIS_R
                               EQU              0x40059418
   64 00000000 4005941C 
                       GPIO_PORTB_AHB_ICR_R
                               EQU              0x4005941C
   65 00000000 40059420 
                       GPIO_PORTB_AHB_AFSEL_R
                               EQU              0x40059420
   66 00000000 40059500 
                       GPIO_PORTB_AHB_DR2R_R
                               EQU              0x40059500
   67 00000000 40059504 
                       GPIO_PORTB_AHB_DR4R_R
                               EQU              0x40059504
   68 00000000 40059508 
                       GPIO_PORTB_AHB_DR8R_R
                               EQU              0x40059508
   69 00000000 4005950C 
                       GPIO_PORTB_AHB_ODR_R
                               EQU              0x4005950C
   70 00000000 40059510 
                       GPIO_PORTB_AHB_PUR_R
                               EQU              0x40059510



ARM Macro Assembler    Page 4 


   71 00000000 40059514 
                       GPIO_PORTB_AHB_PDR_R
                               EQU              0x40059514
   72 00000000 40059518 
                       GPIO_PORTB_AHB_SLR_R
                               EQU              0x40059518
   73 00000000 4005951C 
                       GPIO_PORTB_AHB_DEN_R
                               EQU              0x4005951C
   74 00000000 40059520 
                       GPIO_PORTB_AHB_LOCK_R
                               EQU              0x40059520
   75 00000000 40059524 
                       GPIO_PORTB_AHB_CR_R
                               EQU              0x40059524
   76 00000000 40059528 
                       GPIO_PORTB_AHB_AMSEL_R
                               EQU              0x40059528
   77 00000000 4005952C 
                       GPIO_PORTB_AHB_PCTL_R
                               EQU              0x4005952C
   78 00000000 40059530 
                       GPIO_PORTB_AHB_ADCCTL_R
                               EQU              0x40059530
   79 00000000 40059534 
                       GPIO_PORTB_AHB_DMACTL_R
                               EQU              0x40059534
   80 00000000 40059538 
                       GPIO_PORTB_AHB_SI_R
                               EQU              0x40059538
   81 00000000 4005953C 
                       GPIO_PORTB_AHB_DR12R_R
                               EQU              0x4005953C
   82 00000000 40059540 
                       GPIO_PORTB_AHB_WAKEPEN_R
                               EQU              0x40059540
   83 00000000 40059544 
                       GPIO_PORTB_AHB_WAKELVL_R
                               EQU              0x40059544
   84 00000000 40059548 
                       GPIO_PORTB_AHB_WAKESTAT_R
                               EQU              0x40059548
   85 00000000 40059FC0 
                       GPIO_PORTB_AHB_PP_R
                               EQU              0x40059FC0
   86 00000000 40059FC4 
                       GPIO_PORTB_AHB_PC_R
                               EQU              0x40059FC4
   87 00000000 00000002 
                       GPIO_PORTB
                               EQU              2_000000000000010
   88 00000000         ; PORT J
   89 00000000 40060520 
                       GPIO_PORTJ_AHB_LOCK_R
                               EQU              0x40060520
   90 00000000 40060524 
                       GPIO_PORTJ_AHB_CR_R
                               EQU              0x40060524
   91 00000000 40060528 



ARM Macro Assembler    Page 5 


                       GPIO_PORTJ_AHB_AMSEL_R
                               EQU              0x40060528
   92 00000000 4006052C 
                       GPIO_PORTJ_AHB_PCTL_R
                               EQU              0x4006052C
   93 00000000 40060400 
                       GPIO_PORTJ_AHB_DIR_R
                               EQU              0x40060400
   94 00000000 40060420 
                       GPIO_PORTJ_AHB_AFSEL_R
                               EQU              0x40060420
   95 00000000 4006051C 
                       GPIO_PORTJ_AHB_DEN_R
                               EQU              0x4006051C
   96 00000000 40060510 
                       GPIO_PORTJ_AHB_PUR_R
                               EQU              0x40060510
   97 00000000 400603FC 
                       GPIO_PORTJ_AHB_DATA_R
                               EQU              0x400603FC
   98 00000000 00000100 
                       GPIO_PORTJ
                               EQU              2_000000100000000
   99 00000000         ; PORT N
  100 00000000 40064520 
                       GPIO_PORTN_AHB_LOCK_R
                               EQU              0x40064520
  101 00000000 40064524 
                       GPIO_PORTN_AHB_CR_R
                               EQU              0x40064524
  102 00000000 40064528 
                       GPIO_PORTN_AHB_AMSEL_R
                               EQU              0x40064528
  103 00000000 4006452C 
                       GPIO_PORTN_AHB_PCTL_R
                               EQU              0x4006452C
  104 00000000 40064400 
                       GPIO_PORTN_AHB_DIR_R
                               EQU              0x40064400
  105 00000000 40064420 
                       GPIO_PORTN_AHB_AFSEL_R
                               EQU              0x40064420
  106 00000000 4006451C 
                       GPIO_PORTN_AHB_DEN_R
                               EQU              0x4006451C
  107 00000000 40064510 
                       GPIO_PORTN_AHB_PUR_R
                               EQU              0x40064510
  108 00000000 400643FC 
                       GPIO_PORTN_AHB_DATA_R
                               EQU              0x400643FC
  109 00000000 00001000 
                       GPIO_PORTN
                               EQU              2_001000000000000
  110 00000000         ; PORT P
  111 00000000 40065000 
                       GPIO_PORTP_DATA_BITS_R
                               EQU              0x40065000
  112 00000000 400653FC 



ARM Macro Assembler    Page 6 


                       GPIO_PORTP_DATA_R
                               EQU              0x400653FC
  113 00000000 40065400 
                       GPIO_PORTP_DIR_R
                               EQU              0x40065400
  114 00000000 40065404 
                       GPIO_PORTP_IS_R
                               EQU              0x40065404
  115 00000000 40065408 
                       GPIO_PORTP_IBE_R
                               EQU              0x40065408
  116 00000000 4006540C 
                       GPIO_PORTP_IEV_R
                               EQU              0x4006540C
  117 00000000 40065410 
                       GPIO_PORTP_IM_R
                               EQU              0x40065410
  118 00000000 40065414 
                       GPIO_PORTP_RIS_R
                               EQU              0x40065414
  119 00000000 40065418 
                       GPIO_PORTP_MIS_R
                               EQU              0x40065418
  120 00000000 4006541C 
                       GPIO_PORTP_ICR_R
                               EQU              0x4006541C
  121 00000000 40065420 
                       GPIO_PORTP_AFSEL_R
                               EQU              0x40065420
  122 00000000 40065500 
                       GPIO_PORTP_DR2R_R
                               EQU              0x40065500
  123 00000000 40065504 
                       GPIO_PORTP_DR4R_R
                               EQU              0x40065504
  124 00000000 40065508 
                       GPIO_PORTP_DR8R_R
                               EQU              0x40065508
  125 00000000 4006550C 
                       GPIO_PORTP_ODR_R
                               EQU              0x4006550C
  126 00000000 40065510 
                       GPIO_PORTP_PUR_R
                               EQU              0x40065510
  127 00000000 40065514 
                       GPIO_PORTP_PDR_R
                               EQU              0x40065514
  128 00000000 40065518 
                       GPIO_PORTP_SLR_R
                               EQU              0x40065518
  129 00000000 4006551C 
                       GPIO_PORTP_DEN_R
                               EQU              0x4006551C
  130 00000000 40065520 
                       GPIO_PORTP_LOCK_R
                               EQU              0x40065520
  131 00000000 40065524 
                       GPIO_PORTP_CR_R
                               EQU              0x40065524



ARM Macro Assembler    Page 7 


  132 00000000 40065528 
                       GPIO_PORTP_AMSEL_R
                               EQU              0x40065528
  133 00000000 4006552C 
                       GPIO_PORTP_PCTL_R
                               EQU              0x4006552C
  134 00000000 40065530 
                       GPIO_PORTP_ADCCTL_R
                               EQU              0x40065530
  135 00000000 40065534 
                       GPIO_PORTP_DMACTL_R
                               EQU              0x40065534
  136 00000000 40065538 
                       GPIO_PORTP_SI_R
                               EQU              0x40065538
  137 00000000 4006553C 
                       GPIO_PORTP_DR12R_R
                               EQU              0x4006553C
  138 00000000 40065540 
                       GPIO_PORTP_WAKEPEN_R
                               EQU              0x40065540
  139 00000000 40065544 
                       GPIO_PORTP_WAKELVL_R
                               EQU              0x40065544
  140 00000000 40065548 
                       GPIO_PORTP_WAKESTAT_R
                               EQU              0x40065548
  141 00000000 40065FC0 
                       GPIO_PORTP_PP_R
                               EQU              0x40065FC0
  142 00000000 40065FC4 
                       GPIO_PORTP_PC_R
                               EQU              0x40065FC4
  143 00000000 00002000 
                       GPIO_PORTP
                               EQU              2_010000000000000
  144 00000000         ; PORT Q
  145 00000000 40066000 
                       GPIO_PORTQ_DATA_BITS_R
                               EQU              0x40066000
  146 00000000 400663FC 
                       GPIO_PORTQ_DATA_R
                               EQU              0x400663FC
  147 00000000 40066400 
                       GPIO_PORTQ_DIR_R
                               EQU              0x40066400
  148 00000000 40066404 
                       GPIO_PORTQ_IS_R
                               EQU              0x40066404
  149 00000000 40066408 
                       GPIO_PORTQ_IBE_R
                               EQU              0x40066408
  150 00000000 4006640C 
                       GPIO_PORTQ_IEV_R
                               EQU              0x4006640C
  151 00000000 40066410 
                       GPIO_PORTQ_IM_R
                               EQU              0x40066410
  152 00000000 40066414 



ARM Macro Assembler    Page 8 


                       GPIO_PORTQ_RIS_R
                               EQU              0x40066414
  153 00000000 40066418 
                       GPIO_PORTQ_MIS_R
                               EQU              0x40066418
  154 00000000 4006641C 
                       GPIO_PORTQ_ICR_R
                               EQU              0x4006641C
  155 00000000 40066420 
                       GPIO_PORTQ_AFSEL_R
                               EQU              0x40066420
  156 00000000 40066500 
                       GPIO_PORTQ_DR2R_R
                               EQU              0x40066500
  157 00000000 40066504 
                       GPIO_PORTQ_DR4R_R
                               EQU              0x40066504
  158 00000000 40066508 
                       GPIO_PORTQ_DR8R_R
                               EQU              0x40066508
  159 00000000 4006650C 
                       GPIO_PORTQ_ODR_R
                               EQU              0x4006650C
  160 00000000 40066510 
                       GPIO_PORTQ_PUR_R
                               EQU              0x40066510
  161 00000000 40066514 
                       GPIO_PORTQ_PDR_R
                               EQU              0x40066514
  162 00000000 40066518 
                       GPIO_PORTQ_SLR_R
                               EQU              0x40066518
  163 00000000 4006651C 
                       GPIO_PORTQ_DEN_R
                               EQU              0x4006651C
  164 00000000 40066520 
                       GPIO_PORTQ_LOCK_R
                               EQU              0x40066520
  165 00000000 40066524 
                       GPIO_PORTQ_CR_R
                               EQU              0x40066524
  166 00000000 40066528 
                       GPIO_PORTQ_AMSEL_R
                               EQU              0x40066528
  167 00000000 4006652C 
                       GPIO_PORTQ_PCTL_R
                               EQU              0x4006652C
  168 00000000 40066530 
                       GPIO_PORTQ_ADCCTL_R
                               EQU              0x40066530
  169 00000000 40066534 
                       GPIO_PORTQ_DMACTL_R
                               EQU              0x40066534
  170 00000000 40066538 
                       GPIO_PORTQ_SI_R
                               EQU              0x40066538
  171 00000000 4006653C 
                       GPIO_PORTQ_DR12R_R
                               EQU              0x4006653C



ARM Macro Assembler    Page 9 


  172 00000000 40066540 
                       GPIO_PORTQ_WAKEPEN_R
                               EQU              0x40066540
  173 00000000 40066544 
                       GPIO_PORTQ_WAKELVL_R
                               EQU              0x40066544
  174 00000000 40066548 
                       GPIO_PORTQ_WAKESTAT_R
                               EQU              0x40066548
  175 00000000 40066FC0 
                       GPIO_PORTQ_PP_R
                               EQU              0x40066FC0
  176 00000000 40066FC4 
                       GPIO_PORTQ_PC_R
                               EQU              0x40066FC4
  177 00000000 00004000 
                       GPIO_PORTQ
                               EQU              2_100000000000000
  178 00000000         
  179 00000000         
  180 00000000         ; ------------------------------------------------------
                       -------------------------
  181 00000000         ; Área de Código - Tudo abaixo da diretiva a seguir será
                        armazenado na memória de 
  182 00000000         ;                  código
  183 00000000                 AREA             |.text|, CODE, READONLY, ALIGN=
2
  184 00000000         
  185 00000000         ; Se alguma função do arquivo for chamada em outro arqui
                       vo 
  186 00000000                 EXPORT           GPIO_Init   ; Permite chamar GP
                                                            IO_Init de outro ar
                                                            quivo
  187 00000000                 EXPORT           Enable7SegLeft
  188 00000000                 EXPORT           Enable7SegRight
  189 00000000                 EXPORT           EnableLEDs  ; Permite chamar Li
                                                            ghtUpLEDs de outro 
                                                            arquivo
  190 00000000                 EXPORT           GetPushBtnsState ; Permite cham
                                                            ar GetPushBtnsState
                                                             de outro arquivo
  191 00000000                 EXPORT           DisableAllLEDs
  192 00000000         
  193 00000000                 IMPORT           SysTick_Wait1ms
  194 00000000                 IMPORT           SysTick_Wait1us
  195 00000000         
  196 00000000         
  197 00000000         ;-------------------------------------------------------
                       -------------------------
  198 00000000         ; Função GPIO_Init
  199 00000000         ; Parâmetro de entrada: Não tem
  200 00000000         ; Parâmetro de saída: Não tem
  201 00000000         GPIO_Init
  202 00000000         ;=====================
  203 00000000         
  204 00000000 487E            LDR              R0, =SYSCTL_RCGCGPIO_R ;Carrega
                                                             o endereço do regi
                                                            strador RCGCGPIO
  205 00000002 F44F 5180       MOV              R1, #GPIO_PORTN ;Seta o bit da 



ARM Macro Assembler    Page 10 


                                                            porta N
  206 00000006 F441 7180       ORR              R1, #GPIO_PORTJ ;Seta o bit da 
                                                            porta J, fazendo co
                                                            m OR
  207 0000000A F041 0101       ORR              R1, #GPIO_PORTA
  208 0000000E F041 0102       ORR              R1, #GPIO_PORTB
  209 00000012 F441 5100       ORR              R1, #GPIO_PORTP
  210 00000016 F441 4180       ORR              R1, #GPIO_PORTQ
  211 0000001A 6001            STR              R1, [R0]    ;Move para a memóri
                                                            a os bits das porta
                                                            s no endereço do RC
                                                            GCGPIO
  212 0000001C         
  213 0000001C 4878            LDR              R0, =SYSCTL_PRGPIO_R ;Carrega o
                                                             endereço do PRGPIO
                                                             para esperar os GP
                                                            IO ficarem prontos
  214 0000001E         
  215 0000001E 6801    EsperaGPIO
                               LDR              R1, [R0]    ;Lê da memória o co
                                                            nteúdo do endereço 
                                                            do registrador
  216 00000020 F44F 5280       MOV              R2, #GPIO_PORTN ;Seta os bits c
                                                            orrespondentes às p
                                                            ortas para fazer a 
                                                            comparação
  217 00000024 F442 7280       ORR              R2, #GPIO_PORTJ ;Seta o bit da 
                                                            porta J, fazendo co
                                                            m OR
  218 00000028 F042 0201       ORR              R2, #GPIO_PORTA
  219 0000002C F041 0102       ORR              R1, #GPIO_PORTB
  220 00000030 F441 5100       ORR              R1, #GPIO_PORTP
  221 00000034 F442 4280       ORR              R2, #GPIO_PORTQ
  222 00000038 4211            TST              R1, R2      ;ANDS de R1 com R2
  223 0000003A D0F0            BEQ              EsperaGPIO  ;Se o flag Z=1, vol
                                                            ta para o laço. Sen
                                                            ão continua executa
                                                            ndo
  224 0000003C         
  225 0000003C         ; 2. Limpar o AMSEL para desabilitar a analógica
  226 0000003C F04F 0100       MOV              R1, #0x00   ;Colocar 0 no regis
                                                            trador para desabil
                                                            itar a função analó
                                                            gica
  227 00000040 4870            LDR              R0, =GPIO_PORTJ_AHB_AMSEL_R ;Ca
                                                            rrega o R0 com o en
                                                            dereço do AMSEL par
                                                            a a porta J
  228 00000042 6001            STR              R1, [R0]    ;Guarda no registra
                                                            dor AMSEL da porta 
                                                            J da memória
  229 00000044 4870            LDR              R0, =GPIO_PORTN_AHB_AMSEL_R ;Ca
                                                            rrega o R0 com o en
                                                            dereço do AMSEL par
                                                            a a porta N
  230 00000046 6001            STR              R1, [R0]    ;Guarda no registra
                                                            dor AMSEL da porta 
                                                            N da memória
  231 00000048 4870            LDR              R0, =GPIO_PORTA_AHB_AMSEL_R



ARM Macro Assembler    Page 11 


  232 0000004A 6001            STR              R1, [R0]
  233 0000004C 4870            LDR              R0, =GPIO_PORTB_AHB_AMSEL_R
  234 0000004E 6001            STR              R1, [R0]
  235 00000050 4870            LDR              R0, =GPIO_PORTP_AMSEL_R
  236 00000052 6001            STR              R1, [R0]
  237 00000054 4870            LDR              R0, =GPIO_PORTQ_AMSEL_R
  238 00000056 6001            STR              R1, [R0]
  239 00000058         
  240 00000058         ; 3. Limpar PCTL para selecionar o GPIO
  241 00000058 F04F 0100       MOV              R1, #0x00   ;Colocar 0 no regis
                                                            trador para selecio
                                                            nar o modo GPIO
  242 0000005C 486F            LDR              R0, =GPIO_PORTJ_AHB_PCTL_R ;Car
                                                            rega o R0 com o end
                                                            ereço do PCTL para 
                                                            a porta J
  243 0000005E 6001            STR              R1, [R0]    ;Guarda no registra
                                                            dor PCTL da porta J
                                                             da memória
  244 00000060 486F            LDR              R0, =GPIO_PORTN_AHB_PCTL_R ;Car
                                                            rega o R0 com o end
                                                            ereço do PCTL para 
                                                            a porta N
  245 00000062 6001            STR              R1, [R0]    ;Guarda no registra
                                                            dor PCTL da porta N
                                                             da memória
  246 00000064 486F            LDR              R0, =GPIO_PORTA_AHB_PCTL_R
  247 00000066 6001            STR              R1, [R0]
  248 00000068 486F            LDR              R0, =GPIO_PORTB_AHB_PCTL_R
  249 0000006A 6001            STR              R1, [R0]
  250 0000006C 486F            LDR              R0, =GPIO_PORTP_PCTL_R
  251 0000006E 6001            STR              R1, [R0]
  252 00000070 486F            LDR              R0, =GPIO_PORTQ_PCTL_R
  253 00000072 6001            STR              R1, [R0]
  254 00000074         
  255 00000074         ; 4. DIR para 0 se for entrada, 1 se for saída
  256 00000074 486F            LDR              R0, =GPIO_PORTN_AHB_DIR_R ;Carr
                                                            ega o R0 com o ende
                                                            reço do DIR para a 
                                                            porta N
  257 00000076 F04F 0102       MOV              R1, #2_00000010 ;PN1 para LED
  258 0000007A 6001            STR              R1, [R0]    ;Guarda no registra
                                                            dor
  259 0000007C 486E            LDR              R0, =GPIO_PORTJ_AHB_DIR_R ;Carr
                                                            ega o R0 com o ende
                                                            reço do DIR para a 
                                                            porta J
  260 0000007E F04F 0100       MOV              R1, #0x00   ;Colocar 0 no regis
                                                            trador DIR para fun
                                                            cionar com saída
  261 00000082 6001            STR              R1, [R0]    ;Guarda no registra
                                                            dor PCTL da porta J
                                                             da memória
  262 00000084 486D            LDR              R0, =GPIO_PORTA_AHB_DIR_R
  263 00000086 F04F 01F0       MOV              R1, #2_11110000
  264 0000008A 6001            STR              R1, [R0]
  265 0000008C 486C            LDR              R0, =GPIO_PORTB_AHB_DIR_R
  266 0000008E F04F 0130       MOV              R1, #2_110000
  267 00000092 6001            STR              R1, [R0]



ARM Macro Assembler    Page 12 


  268 00000094 486B            LDR              R0, =GPIO_PORTP_DIR_R
  269 00000096 F04F 0120       MOV              R1, #2_00100000
  270 0000009A 6001            STR              R1, [R0]
  271 0000009C 486A            LDR              R0, =GPIO_PORTQ_DIR_R
  272 0000009E F04F 010F       MOV              R1, #2_00001111
  273 000000A2 6001            STR              R1, [R0]
  274 000000A4         
  275 000000A4         ; 5. Limpar os bits AFSEL para 0 para selecionar GPIO 
  276 000000A4         ;    Sem função alternativa
  277 000000A4 F04F 0100       MOV              R1, #0x00   ;Colocar o valor 0 
                                                            para não setar funç
                                                            ão alternativa
  278 000000A8 4868            LDR              R0, =GPIO_PORTN_AHB_AFSEL_R ;Ca
                                                            rrega o endereço do
                                                             AFSEL da porta N
  279 000000AA 6001            STR              R1, [R0]    ;Escreve na porta
  280 000000AC 4868            LDR              R0, =GPIO_PORTJ_AHB_AFSEL_R ;Ca
                                                            rrega o endereço do
                                                             AFSEL da porta J
  281 000000AE 6001            STR              R1, [R0]    ;Escreve na porta
  282 000000B0 4868            LDR              R0, =GPIO_PORTA_AHB_AFSEL_R
  283 000000B2 6001            STR              R1, [R0]
  284 000000B4 4868            LDR              R0, =GPIO_PORTB_AHB_AFSEL_R
  285 000000B6 6001            STR              R1, [R0]
  286 000000B8 4868            LDR              R0, =GPIO_PORTP_AFSEL_R
  287 000000BA 6001            STR              R1, [R0]
  288 000000BC 4868            LDR              R0, =GPIO_PORTQ_AFSEL_R
  289 000000BE 6001            STR              R1, [R0]
  290 000000C0         
  291 000000C0         ; 6. Setar os bits de DEN para habilitar I/O digital
  292 000000C0 4868            LDR              R0, =GPIO_PORTN_AHB_DEN_R ;Carr
                                                            ega o endereço do D
                                                            EN
  293 000000C2 F04F 0102       MOV              R1, #2_000000010 ;Ativa os pino
                                                            s PN1 como I/O Digi
                                                            tal
  294 000000C6 6001            STR              R1, [R0]    ;Escreve no registr
                                                            ador da memória fun
                                                            cionalidade digital
                                                             
  295 000000C8         
  296 000000C8 4867            LDR              R0, =GPIO_PORTJ_AHB_DEN_R ;Carr
                                                            ega o endereço do D
                                                            EN
  297 000000CA F04F 0103       MOV              R1, #2_00000011 ;Ativa os pinos
                                                             PJ0  como I/O Digi
                                                            tal      
  298 000000CE 6001            STR              R1, [R0]    ;Escreve no registr
                                                            ador da memória fun
                                                            cionalidade digital
                                                            
  299 000000D0         
  300 000000D0 4866            LDR              R0, =GPIO_PORTA_AHB_DEN_R
  301 000000D2 F04F 01F0       MOV              R1, #2_11110000
  302 000000D6 6001            STR              R1, [R0]
  303 000000D8         
  304 000000D8 4865            LDR              R0, =GPIO_PORTB_AHB_DEN_R
  305 000000DA F04F 0130       MOV              R1, #2_110000
  306 000000DE 6001            STR              R1, [R0]



ARM Macro Assembler    Page 13 


  307 000000E0         
  308 000000E0 4864            LDR              R0, =GPIO_PORTP_DEN_R
  309 000000E2 F04F 0120       MOV              R1, #2_00100000
  310 000000E6 6001            STR              R1, [R0]
  311 000000E8         
  312 000000E8 4863            LDR              R0, =GPIO_PORTQ_DEN_R
  313 000000EA F04F 010F       MOV              R1, #2_00001111
  314 000000EE 6001            STR              R1, [R0]
  315 000000F0         
  316 000000F0         ; 7. Para habilitar resistor de pull-up interno, setar P
                       UR para 1
  317 000000F0 4862            LDR              R0, =GPIO_PORTJ_AHB_PUR_R ;Carr
                                                            ega o endereço do P
                                                            UR para a porta J
  318 000000F2 F04F 0103       MOV              R1, #2_00000011 ;Habilitar func
                                                            ionalidade digital 
                                                            de resistor de pull
                                                            -up 
  319 000000F6         ;nos bits 0 e 1
  320 000000F6 6001            STR              R1, [R0]
  321 000000F8         
  322 000000F8 4770            BX               LR
  323 000000FA         
  324 000000FA         
  325 000000FA         Enable7SegLeft
  326 000000FA         ; Enables left 7-segment Display
  327 000000FA F8DF 9184       LDR              R9, =GPIO_PORTB_AHB_DATA_R
  328 000000FE F04F 0810       MOV              R8, #2_010000
  329 00000102 F8C9 8000       STR              R8, [R9]
  330 00000106 E006            B                LightUp7SegDisplay
  331 00000108         
  332 00000108         Enable7SegRight
  333 00000108         ; Enables right 7-segment Display
  334 00000108 F8DF 9174       LDR              R9, =GPIO_PORTB_AHB_DATA_R
  335 0000010C F04F 0820       MOV              R8, #2_100000
  336 00000110 F8C9 8000       STR              R8, [R9]
  337 00000114 E7FF            B                LightUp7SegDisplay
  338 00000116         
  339 00000116         ; ------------------------------------------------------
                       -------------------------
  340 00000116         ; Função LightUp7SegDisplay
  341 00000116         ; Parâmetro de entrada: R0: numero de 0 a 9 para ser ace
                       so em um dos displays
  342 00000116         ; Parâmetro de saída: Não tem
  343 00000116         LightUp7SegDisplay
  344 00000116         ; Disables LEDs
  345 00000116 F8DF 916C       LDR              R9, =GPIO_PORTP_DATA_R
  346 0000011A F04F 0800       MOV              R8, #2_000000
  347 0000011E F8C9 8000       STR              R8, [R9]
  348 00000122         
  349 00000122 F04F 0700       LDR              R7, =2_00000000
  350 00000126 F04F 0600       LDR              R6, =2_00000000
  351 0000012A         
  352 0000012A 2800            CMP              R0, #0x0
  353 0000012C BF02            ITTT             EQ
  354 0000012E 2730            LDREQ            R7, =2_00110000
  355 00000130 260F            LDREQ            R6, =2_00001111
  356 00000132 E02A            BEQ              let7SegShine
  357 00000134 2801            CMP              R0, #0x1



ARM Macro Assembler    Page 14 


  358 00000136 BF04            ITT              EQ
  359 00000138 2606            LDREQ            R6, =2_00000110
  360 0000013A E026            BEQ              let7SegShine
  361 0000013C 2802            CMP              R0, #0x2
  362 0000013E BF02            ITTT             EQ
  363 00000140 2750            LDREQ            R7, =2_01010000
  364 00000142 260B            LDREQ            R6, =2_00001011
  365 00000144 E021            BEQ              let7SegShine
  366 00000146 2803            CMP              R0, #0x3
  367 00000148 BF02            ITTT             EQ
  368 0000014A 2740            LDREQ            R7, =2_01000000
  369 0000014C 260F            LDREQ            R6, =2_00001111
  370 0000014E E01C            BEQ              let7SegShine
  371 00000150 2804            CMP              R0, #0x4
  372 00000152 BF02            ITTT             EQ
  373 00000154 2760            LDREQ            R7, =2_01100000
  374 00000156 2606            LDREQ            R6, =2_00000110
  375 00000158 E017            BEQ              let7SegShine
  376 0000015A 2805            CMP              R0, #0x5
  377 0000015C BF02            ITTT             EQ
  378 0000015E 2760            LDREQ            R7, =2_01100000
  379 00000160 260D            LDREQ            R6, =2_00001101
  380 00000162 E012            BEQ              let7SegShine
  381 00000164 2806            CMP              R0, #0x6
  382 00000166 BF02            ITTT             EQ
  383 00000168 2770            LDREQ            R7, =2_01110000
  384 0000016A 260D            LDREQ            R6, =2_00001101
  385 0000016C E00D            BEQ              let7SegShine
  386 0000016E 2807            CMP              R0, #0x7
  387 00000170 BF04            ITT              EQ
  388 00000172 2607            LDREQ            R6, =2_00000111
  389 00000174 E009            BEQ              let7SegShine
  390 00000176 2808            CMP              R0, #0x8
  391 00000178 BF02            ITTT             EQ
  392 0000017A 2770            LDREQ            R7, =2_01110000
  393 0000017C 260F            LDREQ            R6, =2_00001111
  394 0000017E E004            BEQ              let7SegShine
  395 00000180 2809            CMP              R0, #0x9
  396 00000182 BF02            ITTT             EQ
  397 00000184 2760            LDREQ            R7, =2_01100000
  398 00000186 260F            LDREQ            R6, =2_00001111
  399 00000188 E7FF            BEQ              let7SegShine
  400 0000018A         
  401 0000018A         ; Lights up the 7 segments displays
  402 0000018A         let7SegShine
  403 0000018A F8DF 90FC       LDR              R9, =GPIO_PORTA_AHB_DATA_R
  404 0000018E F8C9 7000       STR              R7, [R9]
  405 00000192 F8DF 80F8       LDR              R8, =GPIO_PORTQ_DATA_R
  406 00000196 F8C8 6000       STR              R6, [R8]
  407 0000019A         
  408 0000019A 4770            BX               LR
  409 0000019C         
  410 0000019C         EnableLEDs
  411 0000019C         ; Disables 7-segment Displays
  412 0000019C F8DF 90E0       LDR              R9, =GPIO_PORTB_AHB_DATA_R
  413 000001A0 F04F 0800       MOV              R8, #2_000000
  414 000001A4 F8C9 8000       STR              R8, [R9]
  415 000001A8         ; Enables LEDs
  416 000001A8 F8DF 90D8       LDR              R9, =GPIO_PORTP_DATA_R



ARM Macro Assembler    Page 15 


  417 000001AC F04F 0820       MOV              R8, #2_100000
  418 000001B0 F8C9 8000       STR              R8, [R9]
  419 000001B4         
  420 000001B4 F04F 0600       LDR              R6, =2_00000000
  421 000001B8 F04F 0700       LDR              R7, =2_00000000
  422 000001BC         
  423 000001BC F000 060F       AND              R6, R0, #2_00001111
  424 000001C0 F000 07F0       AND              R7, R0, #2_11110000
  425 000001C4         
  426 000001C4 D0FF            BEQ              letLEDsShine
  427 000001C6         
  428 000001C6         ; Lights up the LEDs
  429 000001C6         letLEDsShine
  430 000001C6 F8DF 90C0       LDR              R9, =GPIO_PORTA_AHB_DATA_R
  431 000001CA F8C9 7000       STR              R7, [R9]
  432 000001CE F8DF 80BC       LDR              R8, =GPIO_PORTQ_DATA_R
  433 000001D2 F8C8 6000       STR              R6, [R8]
  434 000001D6         
  435 000001D6 4770            BX               LR
  436 000001D8         
  437 000001D8         ; ------------------------------------------------------
                       -------------------------
  438 000001D8         ; Função GetPushBtnsState
  439 000001D8         ; Parâmetro de entrada: Não tem
  440 000001D8         ; Parâmetro de saída: R0 --> o valor da leitura
  441 000001D8         GetPushBtnsState
  442 000001D8 F8DF 90B4       LDR              R9, =GPIO_PORTJ_AHB_DATA_R
  443 000001DC F8D9 0000       LDR              R0, [R9]
  444 000001E0         
  445 000001E0 4770            BX               LR
  446 000001E2         
  447 000001E2         DisableAllLEDs
  448 000001E2         ; Disables 7-segment Displays
  449 000001E2 F8DF 909C       LDR              R9, =GPIO_PORTB_AHB_DATA_R
  450 000001E6 F04F 0800       MOV              R8, #2_000000
  451 000001EA F8C9 8000       STR              R8, [R9]
  452 000001EE         ; Disables LEDs
  453 000001EE F8DF 9094       LDR              R9, =GPIO_PORTP_DATA_R
  454 000001F2 F04F 0800       MOV              R8, #2_000000
  455 000001F6 F8C9 8000       STR              R8, [R9]
  456 000001FA         
  457 000001FA 4770            BX               LR
  458 000001FC         
  459 000001FC         
  460 000001FC                 ALIGN                        ; garante que o fim
                                                             da seção está alin
                                                            hada 
  461 000001FC                 END                          ; fim do arquivo
              400FE608 
              400FEA08 
              40060528 
              40064528 
              40058528 
              40059528 
              40065528 
              40066528 
              4006052C 
              4006452C 
              4005852C 



ARM Macro Assembler    Page 16 


              4005952C 
              4006552C 
              4006652C 
              40064400 
              40060400 
              40058400 
              40059400 
              40065400 
              40066400 
              40064420 
              40060420 
              40058420 
              40059420 
              40065420 
              40066420 
              4006451C 
              4006051C 
              4005851C 
              4005951C 
              4006551C 
              4006651C 
              40060510 
              400593FC 
              400653FC 
              400583FC 
              400663FC 
              400603FC 
Command Line: --debug --xref --diag_suppress=9931 --cpu=Cortex-M4.fp --apcs=int
erwork --depend=.\objects\gpio.d -o.\objects\gpio.o -IC:\Users\DAELN\Downloads\
LabsMicrocontrolados-main\LAB01\RTE -IC:\Keil_v5\ARM\PACK\Keil\TM4C_DFP\1.1.0\D
evice\Include\TM4C129 -IC:\Keil_v5\ARM\CMSIS\Include --predefine="__EVAL SETA 1
" --predefine="__UVISION_VERSION SETA 518" --predefine="TM4C1294NCPDT SETA 1" -
-list=.\listings\gpio.lst gpio.s



ARM Macro Assembler    Page 1 Alphabetic symbol ordering
Relocatable symbols

.text 00000000

Symbol: .text
   Definitions
      At line 183 in file gpio.s
   Uses
      None
Comment: .text unused
DisableAllLEDs 000001E2

Symbol: DisableAllLEDs
   Definitions
      At line 447 in file gpio.s
   Uses
      At line 191 in file gpio.s
Comment: DisableAllLEDs used once
Enable7SegLeft 000000FA

Symbol: Enable7SegLeft
   Definitions
      At line 325 in file gpio.s
   Uses
      At line 187 in file gpio.s
Comment: Enable7SegLeft used once
Enable7SegRight 00000108

Symbol: Enable7SegRight
   Definitions
      At line 332 in file gpio.s
   Uses
      At line 188 in file gpio.s
Comment: Enable7SegRight used once
EnableLEDs 0000019C

Symbol: EnableLEDs
   Definitions
      At line 410 in file gpio.s
   Uses
      At line 189 in file gpio.s
Comment: EnableLEDs used once
EsperaGPIO 0000001E

Symbol: EsperaGPIO
   Definitions
      At line 215 in file gpio.s
   Uses
      At line 223 in file gpio.s
Comment: EsperaGPIO used once
GPIO_Init 00000000

Symbol: GPIO_Init
   Definitions
      At line 201 in file gpio.s
   Uses
      At line 186 in file gpio.s
Comment: GPIO_Init used once
GetPushBtnsState 000001D8

Symbol: GetPushBtnsState



ARM Macro Assembler    Page 2 Alphabetic symbol ordering
Relocatable symbols

   Definitions
      At line 441 in file gpio.s
   Uses
      At line 190 in file gpio.s
Comment: GetPushBtnsState used once
LightUp7SegDisplay 00000116

Symbol: LightUp7SegDisplay
   Definitions
      At line 343 in file gpio.s
   Uses
      At line 330 in file gpio.s
      At line 337 in file gpio.s

let7SegShine 0000018A

Symbol: let7SegShine
   Definitions
      At line 402 in file gpio.s
   Uses
      At line 356 in file gpio.s
      At line 360 in file gpio.s
      At line 365 in file gpio.s
      At line 370 in file gpio.s
      At line 375 in file gpio.s
      At line 380 in file gpio.s
      At line 385 in file gpio.s
      At line 389 in file gpio.s
      At line 394 in file gpio.s
      At line 399 in file gpio.s

letLEDsShine 000001C6

Symbol: letLEDsShine
   Definitions
      At line 429 in file gpio.s
   Uses
      At line 426 in file gpio.s
Comment: letLEDsShine used once
11 symbols



ARM Macro Assembler    Page 1 Alphabetic symbol ordering
Absolute symbols

BIT0 00000001

Symbol: BIT0
   Definitions
      At line 12 in file gpio.s
   Uses
      None
Comment: BIT0 unused
BIT1 00000002

Symbol: BIT1
   Definitions
      At line 13 in file gpio.s
   Uses
      None
Comment: BIT1 unused
GPIO_PORTA 00000001

Symbol: GPIO_PORTA
   Definitions
      At line 53 in file gpio.s
   Uses
      At line 207 in file gpio.s
      At line 218 in file gpio.s

GPIO_PORTA_AHB_ADCCTL_R 40058530

Symbol: GPIO_PORTA_AHB_ADCCTL_R
   Definitions
      At line 44 in file gpio.s
   Uses
      None
Comment: GPIO_PORTA_AHB_ADCCTL_R unused
GPIO_PORTA_AHB_AFSEL_R 40058420

Symbol: GPIO_PORTA_AHB_AFSEL_R
   Definitions
      At line 31 in file gpio.s
   Uses
      At line 282 in file gpio.s
Comment: GPIO_PORTA_AHB_AFSEL_R used once
GPIO_PORTA_AHB_AMSEL_R 40058528

Symbol: GPIO_PORTA_AHB_AMSEL_R
   Definitions
      At line 42 in file gpio.s
   Uses
      At line 231 in file gpio.s
Comment: GPIO_PORTA_AHB_AMSEL_R used once
GPIO_PORTA_AHB_CR_R 40058524

Symbol: GPIO_PORTA_AHB_CR_R
   Definitions
      At line 41 in file gpio.s
   Uses
      None
Comment: GPIO_PORTA_AHB_CR_R unused
GPIO_PORTA_AHB_DATA_BITS_R 40058000




ARM Macro Assembler    Page 2 Alphabetic symbol ordering
Absolute symbols

Symbol: GPIO_PORTA_AHB_DATA_BITS_R
   Definitions
      At line 21 in file gpio.s
   Uses
      None
Comment: GPIO_PORTA_AHB_DATA_BITS_R unused
GPIO_PORTA_AHB_DATA_R 400583FC

Symbol: GPIO_PORTA_AHB_DATA_R
   Definitions
      At line 22 in file gpio.s
   Uses
      At line 403 in file gpio.s
      At line 430 in file gpio.s

GPIO_PORTA_AHB_DEN_R 4005851C

Symbol: GPIO_PORTA_AHB_DEN_R
   Definitions
      At line 39 in file gpio.s
   Uses
      At line 300 in file gpio.s
Comment: GPIO_PORTA_AHB_DEN_R used once
GPIO_PORTA_AHB_DIR_R 40058400

Symbol: GPIO_PORTA_AHB_DIR_R
   Definitions
      At line 23 in file gpio.s
   Uses
      At line 262 in file gpio.s
Comment: GPIO_PORTA_AHB_DIR_R used once
GPIO_PORTA_AHB_DMACTL_R 40058534

Symbol: GPIO_PORTA_AHB_DMACTL_R
   Definitions
      At line 45 in file gpio.s
   Uses
      None
Comment: GPIO_PORTA_AHB_DMACTL_R unused
GPIO_PORTA_AHB_DR12R_R 4005853C

Symbol: GPIO_PORTA_AHB_DR12R_R
   Definitions
      At line 47 in file gpio.s
   Uses
      None
Comment: GPIO_PORTA_AHB_DR12R_R unused
GPIO_PORTA_AHB_DR2R_R 40058500

Symbol: GPIO_PORTA_AHB_DR2R_R
   Definitions
      At line 32 in file gpio.s
   Uses
      None
Comment: GPIO_PORTA_AHB_DR2R_R unused
GPIO_PORTA_AHB_DR4R_R 40058504

Symbol: GPIO_PORTA_AHB_DR4R_R
   Definitions



ARM Macro Assembler    Page 3 Alphabetic symbol ordering
Absolute symbols

      At line 33 in file gpio.s
   Uses
      None
Comment: GPIO_PORTA_AHB_DR4R_R unused
GPIO_PORTA_AHB_DR8R_R 40058508

Symbol: GPIO_PORTA_AHB_DR8R_R
   Definitions
      At line 34 in file gpio.s
   Uses
      None
Comment: GPIO_PORTA_AHB_DR8R_R unused
GPIO_PORTA_AHB_IBE_R 40058408

Symbol: GPIO_PORTA_AHB_IBE_R
   Definitions
      At line 25 in file gpio.s
   Uses
      None
Comment: GPIO_PORTA_AHB_IBE_R unused
GPIO_PORTA_AHB_ICR_R 4005841C

Symbol: GPIO_PORTA_AHB_ICR_R
   Definitions
      At line 30 in file gpio.s
   Uses
      None
Comment: GPIO_PORTA_AHB_ICR_R unused
GPIO_PORTA_AHB_IEV_R 4005840C

Symbol: GPIO_PORTA_AHB_IEV_R
   Definitions
      At line 26 in file gpio.s
   Uses
      None
Comment: GPIO_PORTA_AHB_IEV_R unused
GPIO_PORTA_AHB_IM_R 40058410

Symbol: GPIO_PORTA_AHB_IM_R
   Definitions
      At line 27 in file gpio.s
   Uses
      None
Comment: GPIO_PORTA_AHB_IM_R unused
GPIO_PORTA_AHB_IS_R 40058404

Symbol: GPIO_PORTA_AHB_IS_R
   Definitions
      At line 24 in file gpio.s
   Uses
      None
Comment: GPIO_PORTA_AHB_IS_R unused
GPIO_PORTA_AHB_LOCK_R 40058520

Symbol: GPIO_PORTA_AHB_LOCK_R
   Definitions
      At line 40 in file gpio.s
   Uses
      None



ARM Macro Assembler    Page 4 Alphabetic symbol ordering
Absolute symbols

Comment: GPIO_PORTA_AHB_LOCK_R unused
GPIO_PORTA_AHB_MIS_R 40058418

Symbol: GPIO_PORTA_AHB_MIS_R
   Definitions
      At line 29 in file gpio.s
   Uses
      None
Comment: GPIO_PORTA_AHB_MIS_R unused
GPIO_PORTA_AHB_ODR_R 4005850C

Symbol: GPIO_PORTA_AHB_ODR_R
   Definitions
      At line 35 in file gpio.s
   Uses
      None
Comment: GPIO_PORTA_AHB_ODR_R unused
GPIO_PORTA_AHB_PCTL_R 4005852C

Symbol: GPIO_PORTA_AHB_PCTL_R
   Definitions
      At line 43 in file gpio.s
   Uses
      At line 246 in file gpio.s
Comment: GPIO_PORTA_AHB_PCTL_R used once
GPIO_PORTA_AHB_PC_R 40058FC4

Symbol: GPIO_PORTA_AHB_PC_R
   Definitions
      At line 52 in file gpio.s
   Uses
      None
Comment: GPIO_PORTA_AHB_PC_R unused
GPIO_PORTA_AHB_PDR_R 40058514

Symbol: GPIO_PORTA_AHB_PDR_R
   Definitions
      At line 37 in file gpio.s
   Uses
      None
Comment: GPIO_PORTA_AHB_PDR_R unused
GPIO_PORTA_AHB_PP_R 40058FC0

Symbol: GPIO_PORTA_AHB_PP_R
   Definitions
      At line 51 in file gpio.s
   Uses
      None
Comment: GPIO_PORTA_AHB_PP_R unused
GPIO_PORTA_AHB_PUR_R 40058510

Symbol: GPIO_PORTA_AHB_PUR_R
   Definitions
      At line 36 in file gpio.s
   Uses
      None
Comment: GPIO_PORTA_AHB_PUR_R unused
GPIO_PORTA_AHB_RIS_R 40058414




ARM Macro Assembler    Page 5 Alphabetic symbol ordering
Absolute symbols

Symbol: GPIO_PORTA_AHB_RIS_R
   Definitions
      At line 28 in file gpio.s
   Uses
      None
Comment: GPIO_PORTA_AHB_RIS_R unused
GPIO_PORTA_AHB_SI_R 40058538

Symbol: GPIO_PORTA_AHB_SI_R
   Definitions
      At line 46 in file gpio.s
   Uses
      None
Comment: GPIO_PORTA_AHB_SI_R unused
GPIO_PORTA_AHB_SLR_R 40058518

Symbol: GPIO_PORTA_AHB_SLR_R
   Definitions
      At line 38 in file gpio.s
   Uses
      None
Comment: GPIO_PORTA_AHB_SLR_R unused
GPIO_PORTA_AHB_WAKELVL_R 40058544

Symbol: GPIO_PORTA_AHB_WAKELVL_R
   Definitions
      At line 49 in file gpio.s
   Uses
      None
Comment: GPIO_PORTA_AHB_WAKELVL_R unused
GPIO_PORTA_AHB_WAKEPEN_R 40058540

Symbol: GPIO_PORTA_AHB_WAKEPEN_R
   Definitions
      At line 48 in file gpio.s
   Uses
      None
Comment: GPIO_PORTA_AHB_WAKEPEN_R unused
GPIO_PORTA_AHB_WAKESTAT_R 40058548

Symbol: GPIO_PORTA_AHB_WAKESTAT_R
   Definitions
      At line 50 in file gpio.s
   Uses
      None
Comment: GPIO_PORTA_AHB_WAKESTAT_R unused
GPIO_PORTB 00000002

Symbol: GPIO_PORTB
   Definitions
      At line 87 in file gpio.s
   Uses
      At line 208 in file gpio.s
      At line 219 in file gpio.s

GPIO_PORTB_AHB_ADCCTL_R 40059530

Symbol: GPIO_PORTB_AHB_ADCCTL_R
   Definitions



ARM Macro Assembler    Page 6 Alphabetic symbol ordering
Absolute symbols

      At line 78 in file gpio.s
   Uses
      None
Comment: GPIO_PORTB_AHB_ADCCTL_R unused
GPIO_PORTB_AHB_AFSEL_R 40059420

Symbol: GPIO_PORTB_AHB_AFSEL_R
   Definitions
      At line 65 in file gpio.s
   Uses
      At line 284 in file gpio.s
Comment: GPIO_PORTB_AHB_AFSEL_R used once
GPIO_PORTB_AHB_AMSEL_R 40059528

Symbol: GPIO_PORTB_AHB_AMSEL_R
   Definitions
      At line 76 in file gpio.s
   Uses
      At line 233 in file gpio.s
Comment: GPIO_PORTB_AHB_AMSEL_R used once
GPIO_PORTB_AHB_CR_R 40059524

Symbol: GPIO_PORTB_AHB_CR_R
   Definitions
      At line 75 in file gpio.s
   Uses
      None
Comment: GPIO_PORTB_AHB_CR_R unused
GPIO_PORTB_AHB_DATA_BITS_R 40059000

Symbol: GPIO_PORTB_AHB_DATA_BITS_R
   Definitions
      At line 55 in file gpio.s
   Uses
      None
Comment: GPIO_PORTB_AHB_DATA_BITS_R unused
GPIO_PORTB_AHB_DATA_R 400593FC

Symbol: GPIO_PORTB_AHB_DATA_R
   Definitions
      At line 56 in file gpio.s
   Uses
      At line 327 in file gpio.s
      At line 334 in file gpio.s
      At line 412 in file gpio.s
      At line 449 in file gpio.s

GPIO_PORTB_AHB_DEN_R 4005951C

Symbol: GPIO_PORTB_AHB_DEN_R
   Definitions
      At line 73 in file gpio.s
   Uses
      At line 304 in file gpio.s
Comment: GPIO_PORTB_AHB_DEN_R used once
GPIO_PORTB_AHB_DIR_R 40059400

Symbol: GPIO_PORTB_AHB_DIR_R
   Definitions



ARM Macro Assembler    Page 7 Alphabetic symbol ordering
Absolute symbols

      At line 57 in file gpio.s
   Uses
      At line 265 in file gpio.s
Comment: GPIO_PORTB_AHB_DIR_R used once
GPIO_PORTB_AHB_DMACTL_R 40059534

Symbol: GPIO_PORTB_AHB_DMACTL_R
   Definitions
      At line 79 in file gpio.s
   Uses
      None
Comment: GPIO_PORTB_AHB_DMACTL_R unused
GPIO_PORTB_AHB_DR12R_R 4005953C

Symbol: GPIO_PORTB_AHB_DR12R_R
   Definitions
      At line 81 in file gpio.s
   Uses
      None
Comment: GPIO_PORTB_AHB_DR12R_R unused
GPIO_PORTB_AHB_DR2R_R 40059500

Symbol: GPIO_PORTB_AHB_DR2R_R
   Definitions
      At line 66 in file gpio.s
   Uses
      None
Comment: GPIO_PORTB_AHB_DR2R_R unused
GPIO_PORTB_AHB_DR4R_R 40059504

Symbol: GPIO_PORTB_AHB_DR4R_R
   Definitions
      At line 67 in file gpio.s
   Uses
      None
Comment: GPIO_PORTB_AHB_DR4R_R unused
GPIO_PORTB_AHB_DR8R_R 40059508

Symbol: GPIO_PORTB_AHB_DR8R_R
   Definitions
      At line 68 in file gpio.s
   Uses
      None
Comment: GPIO_PORTB_AHB_DR8R_R unused
GPIO_PORTB_AHB_IBE_R 40059408

Symbol: GPIO_PORTB_AHB_IBE_R
   Definitions
      At line 59 in file gpio.s
   Uses
      None
Comment: GPIO_PORTB_AHB_IBE_R unused
GPIO_PORTB_AHB_ICR_R 4005941C

Symbol: GPIO_PORTB_AHB_ICR_R
   Definitions
      At line 64 in file gpio.s
   Uses
      None



ARM Macro Assembler    Page 8 Alphabetic symbol ordering
Absolute symbols

Comment: GPIO_PORTB_AHB_ICR_R unused
GPIO_PORTB_AHB_IEV_R 4005940C

Symbol: GPIO_PORTB_AHB_IEV_R
   Definitions
      At line 60 in file gpio.s
   Uses
      None
Comment: GPIO_PORTB_AHB_IEV_R unused
GPIO_PORTB_AHB_IM_R 40059410

Symbol: GPIO_PORTB_AHB_IM_R
   Definitions
      At line 61 in file gpio.s
   Uses
      None
Comment: GPIO_PORTB_AHB_IM_R unused
GPIO_PORTB_AHB_IS_R 40059404

Symbol: GPIO_PORTB_AHB_IS_R
   Definitions
      At line 58 in file gpio.s
   Uses
      None
Comment: GPIO_PORTB_AHB_IS_R unused
GPIO_PORTB_AHB_LOCK_R 40059520

Symbol: GPIO_PORTB_AHB_LOCK_R
   Definitions
      At line 74 in file gpio.s
   Uses
      None
Comment: GPIO_PORTB_AHB_LOCK_R unused
GPIO_PORTB_AHB_MIS_R 40059418

Symbol: GPIO_PORTB_AHB_MIS_R
   Definitions
      At line 63 in file gpio.s
   Uses
      None
Comment: GPIO_PORTB_AHB_MIS_R unused
GPIO_PORTB_AHB_ODR_R 4005950C

Symbol: GPIO_PORTB_AHB_ODR_R
   Definitions
      At line 69 in file gpio.s
   Uses
      None
Comment: GPIO_PORTB_AHB_ODR_R unused
GPIO_PORTB_AHB_PCTL_R 4005952C

Symbol: GPIO_PORTB_AHB_PCTL_R
   Definitions
      At line 77 in file gpio.s
   Uses
      At line 248 in file gpio.s
Comment: GPIO_PORTB_AHB_PCTL_R used once
GPIO_PORTB_AHB_PC_R 40059FC4




ARM Macro Assembler    Page 9 Alphabetic symbol ordering
Absolute symbols

Symbol: GPIO_PORTB_AHB_PC_R
   Definitions
      At line 86 in file gpio.s
   Uses
      None
Comment: GPIO_PORTB_AHB_PC_R unused
GPIO_PORTB_AHB_PDR_R 40059514

Symbol: GPIO_PORTB_AHB_PDR_R
   Definitions
      At line 71 in file gpio.s
   Uses
      None
Comment: GPIO_PORTB_AHB_PDR_R unused
GPIO_PORTB_AHB_PP_R 40059FC0

Symbol: GPIO_PORTB_AHB_PP_R
   Definitions
      At line 85 in file gpio.s
   Uses
      None
Comment: GPIO_PORTB_AHB_PP_R unused
GPIO_PORTB_AHB_PUR_R 40059510

Symbol: GPIO_PORTB_AHB_PUR_R
   Definitions
      At line 70 in file gpio.s
   Uses
      None
Comment: GPIO_PORTB_AHB_PUR_R unused
GPIO_PORTB_AHB_RIS_R 40059414

Symbol: GPIO_PORTB_AHB_RIS_R
   Definitions
      At line 62 in file gpio.s
   Uses
      None
Comment: GPIO_PORTB_AHB_RIS_R unused
GPIO_PORTB_AHB_SI_R 40059538

Symbol: GPIO_PORTB_AHB_SI_R
   Definitions
      At line 80 in file gpio.s
   Uses
      None
Comment: GPIO_PORTB_AHB_SI_R unused
GPIO_PORTB_AHB_SLR_R 40059518

Symbol: GPIO_PORTB_AHB_SLR_R
   Definitions
      At line 72 in file gpio.s
   Uses
      None
Comment: GPIO_PORTB_AHB_SLR_R unused
GPIO_PORTB_AHB_WAKELVL_R 40059544

Symbol: GPIO_PORTB_AHB_WAKELVL_R
   Definitions
      At line 83 in file gpio.s



ARM Macro Assembler    Page 10 Alphabetic symbol ordering
Absolute symbols

   Uses
      None
Comment: GPIO_PORTB_AHB_WAKELVL_R unused
GPIO_PORTB_AHB_WAKEPEN_R 40059540

Symbol: GPIO_PORTB_AHB_WAKEPEN_R
   Definitions
      At line 82 in file gpio.s
   Uses
      None
Comment: GPIO_PORTB_AHB_WAKEPEN_R unused
GPIO_PORTB_AHB_WAKESTAT_R 40059548

Symbol: GPIO_PORTB_AHB_WAKESTAT_R
   Definitions
      At line 84 in file gpio.s
   Uses
      None
Comment: GPIO_PORTB_AHB_WAKESTAT_R unused
GPIO_PORTJ 00000100

Symbol: GPIO_PORTJ
   Definitions
      At line 98 in file gpio.s
   Uses
      At line 206 in file gpio.s
      At line 217 in file gpio.s

GPIO_PORTJ_AHB_AFSEL_R 40060420

Symbol: GPIO_PORTJ_AHB_AFSEL_R
   Definitions
      At line 94 in file gpio.s
   Uses
      At line 280 in file gpio.s
Comment: GPIO_PORTJ_AHB_AFSEL_R used once
GPIO_PORTJ_AHB_AMSEL_R 40060528

Symbol: GPIO_PORTJ_AHB_AMSEL_R
   Definitions
      At line 91 in file gpio.s
   Uses
      At line 227 in file gpio.s
Comment: GPIO_PORTJ_AHB_AMSEL_R used once
GPIO_PORTJ_AHB_CR_R 40060524

Symbol: GPIO_PORTJ_AHB_CR_R
   Definitions
      At line 90 in file gpio.s
   Uses
      None
Comment: GPIO_PORTJ_AHB_CR_R unused
GPIO_PORTJ_AHB_DATA_R 400603FC

Symbol: GPIO_PORTJ_AHB_DATA_R
   Definitions
      At line 97 in file gpio.s
   Uses
      At line 442 in file gpio.s



ARM Macro Assembler    Page 11 Alphabetic symbol ordering
Absolute symbols

Comment: GPIO_PORTJ_AHB_DATA_R used once
GPIO_PORTJ_AHB_DEN_R 4006051C

Symbol: GPIO_PORTJ_AHB_DEN_R
   Definitions
      At line 95 in file gpio.s
   Uses
      At line 296 in file gpio.s
Comment: GPIO_PORTJ_AHB_DEN_R used once
GPIO_PORTJ_AHB_DIR_R 40060400

Symbol: GPIO_PORTJ_AHB_DIR_R
   Definitions
      At line 93 in file gpio.s
   Uses
      At line 259 in file gpio.s
Comment: GPIO_PORTJ_AHB_DIR_R used once
GPIO_PORTJ_AHB_LOCK_R 40060520

Symbol: GPIO_PORTJ_AHB_LOCK_R
   Definitions
      At line 89 in file gpio.s
   Uses
      None
Comment: GPIO_PORTJ_AHB_LOCK_R unused
GPIO_PORTJ_AHB_PCTL_R 4006052C

Symbol: GPIO_PORTJ_AHB_PCTL_R
   Definitions
      At line 92 in file gpio.s
   Uses
      At line 242 in file gpio.s
Comment: GPIO_PORTJ_AHB_PCTL_R used once
GPIO_PORTJ_AHB_PUR_R 40060510

Symbol: GPIO_PORTJ_AHB_PUR_R
   Definitions
      At line 96 in file gpio.s
   Uses
      At line 317 in file gpio.s
Comment: GPIO_PORTJ_AHB_PUR_R used once
GPIO_PORTN 00001000

Symbol: GPIO_PORTN
   Definitions
      At line 109 in file gpio.s
   Uses
      At line 205 in file gpio.s
      At line 216 in file gpio.s

GPIO_PORTN_AHB_AFSEL_R 40064420

Symbol: GPIO_PORTN_AHB_AFSEL_R
   Definitions
      At line 105 in file gpio.s
   Uses
      At line 278 in file gpio.s
Comment: GPIO_PORTN_AHB_AFSEL_R used once
GPIO_PORTN_AHB_AMSEL_R 40064528



ARM Macro Assembler    Page 12 Alphabetic symbol ordering
Absolute symbols


Symbol: GPIO_PORTN_AHB_AMSEL_R
   Definitions
      At line 102 in file gpio.s
   Uses
      At line 229 in file gpio.s
Comment: GPIO_PORTN_AHB_AMSEL_R used once
GPIO_PORTN_AHB_CR_R 40064524

Symbol: GPIO_PORTN_AHB_CR_R
   Definitions
      At line 101 in file gpio.s
   Uses
      None
Comment: GPIO_PORTN_AHB_CR_R unused
GPIO_PORTN_AHB_DATA_R 400643FC

Symbol: GPIO_PORTN_AHB_DATA_R
   Definitions
      At line 108 in file gpio.s
   Uses
      None
Comment: GPIO_PORTN_AHB_DATA_R unused
GPIO_PORTN_AHB_DEN_R 4006451C

Symbol: GPIO_PORTN_AHB_DEN_R
   Definitions
      At line 106 in file gpio.s
   Uses
      At line 292 in file gpio.s
Comment: GPIO_PORTN_AHB_DEN_R used once
GPIO_PORTN_AHB_DIR_R 40064400

Symbol: GPIO_PORTN_AHB_DIR_R
   Definitions
      At line 104 in file gpio.s
   Uses
      At line 256 in file gpio.s
Comment: GPIO_PORTN_AHB_DIR_R used once
GPIO_PORTN_AHB_LOCK_R 40064520

Symbol: GPIO_PORTN_AHB_LOCK_R
   Definitions
      At line 100 in file gpio.s
   Uses
      None
Comment: GPIO_PORTN_AHB_LOCK_R unused
GPIO_PORTN_AHB_PCTL_R 4006452C

Symbol: GPIO_PORTN_AHB_PCTL_R
   Definitions
      At line 103 in file gpio.s
   Uses
      At line 244 in file gpio.s
Comment: GPIO_PORTN_AHB_PCTL_R used once
GPIO_PORTN_AHB_PUR_R 40064510

Symbol: GPIO_PORTN_AHB_PUR_R
   Definitions



ARM Macro Assembler    Page 13 Alphabetic symbol ordering
Absolute symbols

      At line 107 in file gpio.s
   Uses
      None
Comment: GPIO_PORTN_AHB_PUR_R unused
GPIO_PORTP 00002000

Symbol: GPIO_PORTP
   Definitions
      At line 143 in file gpio.s
   Uses
      At line 209 in file gpio.s
      At line 220 in file gpio.s

GPIO_PORTP_ADCCTL_R 40065530

Symbol: GPIO_PORTP_ADCCTL_R
   Definitions
      At line 134 in file gpio.s
   Uses
      None
Comment: GPIO_PORTP_ADCCTL_R unused
GPIO_PORTP_AFSEL_R 40065420

Symbol: GPIO_PORTP_AFSEL_R
   Definitions
      At line 121 in file gpio.s
   Uses
      At line 286 in file gpio.s
Comment: GPIO_PORTP_AFSEL_R used once
GPIO_PORTP_AMSEL_R 40065528

Symbol: GPIO_PORTP_AMSEL_R
   Definitions
      At line 132 in file gpio.s
   Uses
      At line 235 in file gpio.s
Comment: GPIO_PORTP_AMSEL_R used once
GPIO_PORTP_CR_R 40065524

Symbol: GPIO_PORTP_CR_R
   Definitions
      At line 131 in file gpio.s
   Uses
      None
Comment: GPIO_PORTP_CR_R unused
GPIO_PORTP_DATA_BITS_R 40065000

Symbol: GPIO_PORTP_DATA_BITS_R
   Definitions
      At line 111 in file gpio.s
   Uses
      None
Comment: GPIO_PORTP_DATA_BITS_R unused
GPIO_PORTP_DATA_R 400653FC

Symbol: GPIO_PORTP_DATA_R
   Definitions
      At line 112 in file gpio.s
   Uses



ARM Macro Assembler    Page 14 Alphabetic symbol ordering
Absolute symbols

      At line 345 in file gpio.s
      At line 416 in file gpio.s
      At line 453 in file gpio.s

GPIO_PORTP_DEN_R 4006551C

Symbol: GPIO_PORTP_DEN_R
   Definitions
      At line 129 in file gpio.s
   Uses
      At line 308 in file gpio.s
Comment: GPIO_PORTP_DEN_R used once
GPIO_PORTP_DIR_R 40065400

Symbol: GPIO_PORTP_DIR_R
   Definitions
      At line 113 in file gpio.s
   Uses
      At line 268 in file gpio.s
Comment: GPIO_PORTP_DIR_R used once
GPIO_PORTP_DMACTL_R 40065534

Symbol: GPIO_PORTP_DMACTL_R
   Definitions
      At line 135 in file gpio.s
   Uses
      None
Comment: GPIO_PORTP_DMACTL_R unused
GPIO_PORTP_DR12R_R 4006553C

Symbol: GPIO_PORTP_DR12R_R
   Definitions
      At line 137 in file gpio.s
   Uses
      None
Comment: GPIO_PORTP_DR12R_R unused
GPIO_PORTP_DR2R_R 40065500

Symbol: GPIO_PORTP_DR2R_R
   Definitions
      At line 122 in file gpio.s
   Uses
      None
Comment: GPIO_PORTP_DR2R_R unused
GPIO_PORTP_DR4R_R 40065504

Symbol: GPIO_PORTP_DR4R_R
   Definitions
      At line 123 in file gpio.s
   Uses
      None
Comment: GPIO_PORTP_DR4R_R unused
GPIO_PORTP_DR8R_R 40065508

Symbol: GPIO_PORTP_DR8R_R
   Definitions
      At line 124 in file gpio.s
   Uses
      None



ARM Macro Assembler    Page 15 Alphabetic symbol ordering
Absolute symbols

Comment: GPIO_PORTP_DR8R_R unused
GPIO_PORTP_IBE_R 40065408

Symbol: GPIO_PORTP_IBE_R
   Definitions
      At line 115 in file gpio.s
   Uses
      None
Comment: GPIO_PORTP_IBE_R unused
GPIO_PORTP_ICR_R 4006541C

Symbol: GPIO_PORTP_ICR_R
   Definitions
      At line 120 in file gpio.s
   Uses
      None
Comment: GPIO_PORTP_ICR_R unused
GPIO_PORTP_IEV_R 4006540C

Symbol: GPIO_PORTP_IEV_R
   Definitions
      At line 116 in file gpio.s
   Uses
      None
Comment: GPIO_PORTP_IEV_R unused
GPIO_PORTP_IM_R 40065410

Symbol: GPIO_PORTP_IM_R
   Definitions
      At line 117 in file gpio.s
   Uses
      None
Comment: GPIO_PORTP_IM_R unused
GPIO_PORTP_IS_R 40065404

Symbol: GPIO_PORTP_IS_R
   Definitions
      At line 114 in file gpio.s
   Uses
      None
Comment: GPIO_PORTP_IS_R unused
GPIO_PORTP_LOCK_R 40065520

Symbol: GPIO_PORTP_LOCK_R
   Definitions
      At line 130 in file gpio.s
   Uses
      None
Comment: GPIO_PORTP_LOCK_R unused
GPIO_PORTP_MIS_R 40065418

Symbol: GPIO_PORTP_MIS_R
   Definitions
      At line 119 in file gpio.s
   Uses
      None
Comment: GPIO_PORTP_MIS_R unused
GPIO_PORTP_ODR_R 4006550C




ARM Macro Assembler    Page 16 Alphabetic symbol ordering
Absolute symbols

Symbol: GPIO_PORTP_ODR_R
   Definitions
      At line 125 in file gpio.s
   Uses
      None
Comment: GPIO_PORTP_ODR_R unused
GPIO_PORTP_PCTL_R 4006552C

Symbol: GPIO_PORTP_PCTL_R
   Definitions
      At line 133 in file gpio.s
   Uses
      At line 250 in file gpio.s
Comment: GPIO_PORTP_PCTL_R used once
GPIO_PORTP_PC_R 40065FC4

Symbol: GPIO_PORTP_PC_R
   Definitions
      At line 142 in file gpio.s
   Uses
      None
Comment: GPIO_PORTP_PC_R unused
GPIO_PORTP_PDR_R 40065514

Symbol: GPIO_PORTP_PDR_R
   Definitions
      At line 127 in file gpio.s
   Uses
      None
Comment: GPIO_PORTP_PDR_R unused
GPIO_PORTP_PP_R 40065FC0

Symbol: GPIO_PORTP_PP_R
   Definitions
      At line 141 in file gpio.s
   Uses
      None
Comment: GPIO_PORTP_PP_R unused
GPIO_PORTP_PUR_R 40065510

Symbol: GPIO_PORTP_PUR_R
   Definitions
      At line 126 in file gpio.s
   Uses
      None
Comment: GPIO_PORTP_PUR_R unused
GPIO_PORTP_RIS_R 40065414

Symbol: GPIO_PORTP_RIS_R
   Definitions
      At line 118 in file gpio.s
   Uses
      None
Comment: GPIO_PORTP_RIS_R unused
GPIO_PORTP_SI_R 40065538

Symbol: GPIO_PORTP_SI_R
   Definitions
      At line 136 in file gpio.s



ARM Macro Assembler    Page 17 Alphabetic symbol ordering
Absolute symbols

   Uses
      None
Comment: GPIO_PORTP_SI_R unused
GPIO_PORTP_SLR_R 40065518

Symbol: GPIO_PORTP_SLR_R
   Definitions
      At line 128 in file gpio.s
   Uses
      None
Comment: GPIO_PORTP_SLR_R unused
GPIO_PORTP_WAKELVL_R 40065544

Symbol: GPIO_PORTP_WAKELVL_R
   Definitions
      At line 139 in file gpio.s
   Uses
      None
Comment: GPIO_PORTP_WAKELVL_R unused
GPIO_PORTP_WAKEPEN_R 40065540

Symbol: GPIO_PORTP_WAKEPEN_R
   Definitions
      At line 138 in file gpio.s
   Uses
      None
Comment: GPIO_PORTP_WAKEPEN_R unused
GPIO_PORTP_WAKESTAT_R 40065548

Symbol: GPIO_PORTP_WAKESTAT_R
   Definitions
      At line 140 in file gpio.s
   Uses
      None
Comment: GPIO_PORTP_WAKESTAT_R unused
GPIO_PORTQ 00004000

Symbol: GPIO_PORTQ
   Definitions
      At line 177 in file gpio.s
   Uses
      At line 210 in file gpio.s
      At line 221 in file gpio.s

GPIO_PORTQ_ADCCTL_R 40066530

Symbol: GPIO_PORTQ_ADCCTL_R
   Definitions
      At line 168 in file gpio.s
   Uses
      None
Comment: GPIO_PORTQ_ADCCTL_R unused
GPIO_PORTQ_AFSEL_R 40066420

Symbol: GPIO_PORTQ_AFSEL_R
   Definitions
      At line 155 in file gpio.s
   Uses
      At line 288 in file gpio.s



ARM Macro Assembler    Page 18 Alphabetic symbol ordering
Absolute symbols

Comment: GPIO_PORTQ_AFSEL_R used once
GPIO_PORTQ_AMSEL_R 40066528

Symbol: GPIO_PORTQ_AMSEL_R
   Definitions
      At line 166 in file gpio.s
   Uses
      At line 237 in file gpio.s
Comment: GPIO_PORTQ_AMSEL_R used once
GPIO_PORTQ_CR_R 40066524

Symbol: GPIO_PORTQ_CR_R
   Definitions
      At line 165 in file gpio.s
   Uses
      None
Comment: GPIO_PORTQ_CR_R unused
GPIO_PORTQ_DATA_BITS_R 40066000

Symbol: GPIO_PORTQ_DATA_BITS_R
   Definitions
      At line 145 in file gpio.s
   Uses
      None
Comment: GPIO_PORTQ_DATA_BITS_R unused
GPIO_PORTQ_DATA_R 400663FC

Symbol: GPIO_PORTQ_DATA_R
   Definitions
      At line 146 in file gpio.s
   Uses
      At line 405 in file gpio.s
      At line 432 in file gpio.s

GPIO_PORTQ_DEN_R 4006651C

Symbol: GPIO_PORTQ_DEN_R
   Definitions
      At line 163 in file gpio.s
   Uses
      At line 312 in file gpio.s
Comment: GPIO_PORTQ_DEN_R used once
GPIO_PORTQ_DIR_R 40066400

Symbol: GPIO_PORTQ_DIR_R
   Definitions
      At line 147 in file gpio.s
   Uses
      At line 271 in file gpio.s
Comment: GPIO_PORTQ_DIR_R used once
GPIO_PORTQ_DMACTL_R 40066534

Symbol: GPIO_PORTQ_DMACTL_R
   Definitions
      At line 169 in file gpio.s
   Uses
      None
Comment: GPIO_PORTQ_DMACTL_R unused
GPIO_PORTQ_DR12R_R 4006653C



ARM Macro Assembler    Page 19 Alphabetic symbol ordering
Absolute symbols


Symbol: GPIO_PORTQ_DR12R_R
   Definitions
      At line 171 in file gpio.s
   Uses
      None
Comment: GPIO_PORTQ_DR12R_R unused
GPIO_PORTQ_DR2R_R 40066500

Symbol: GPIO_PORTQ_DR2R_R
   Definitions
      At line 156 in file gpio.s
   Uses
      None
Comment: GPIO_PORTQ_DR2R_R unused
GPIO_PORTQ_DR4R_R 40066504

Symbol: GPIO_PORTQ_DR4R_R
   Definitions
      At line 157 in file gpio.s
   Uses
      None
Comment: GPIO_PORTQ_DR4R_R unused
GPIO_PORTQ_DR8R_R 40066508

Symbol: GPIO_PORTQ_DR8R_R
   Definitions
      At line 158 in file gpio.s
   Uses
      None
Comment: GPIO_PORTQ_DR8R_R unused
GPIO_PORTQ_IBE_R 40066408

Symbol: GPIO_PORTQ_IBE_R
   Definitions
      At line 149 in file gpio.s
   Uses
      None
Comment: GPIO_PORTQ_IBE_R unused
GPIO_PORTQ_ICR_R 4006641C

Symbol: GPIO_PORTQ_ICR_R
   Definitions
      At line 154 in file gpio.s
   Uses
      None
Comment: GPIO_PORTQ_ICR_R unused
GPIO_PORTQ_IEV_R 4006640C

Symbol: GPIO_PORTQ_IEV_R
   Definitions
      At line 150 in file gpio.s
   Uses
      None
Comment: GPIO_PORTQ_IEV_R unused
GPIO_PORTQ_IM_R 40066410

Symbol: GPIO_PORTQ_IM_R
   Definitions



ARM Macro Assembler    Page 20 Alphabetic symbol ordering
Absolute symbols

      At line 151 in file gpio.s
   Uses
      None
Comment: GPIO_PORTQ_IM_R unused
GPIO_PORTQ_IS_R 40066404

Symbol: GPIO_PORTQ_IS_R
   Definitions
      At line 148 in file gpio.s
   Uses
      None
Comment: GPIO_PORTQ_IS_R unused
GPIO_PORTQ_LOCK_R 40066520

Symbol: GPIO_PORTQ_LOCK_R
   Definitions
      At line 164 in file gpio.s
   Uses
      None
Comment: GPIO_PORTQ_LOCK_R unused
GPIO_PORTQ_MIS_R 40066418

Symbol: GPIO_PORTQ_MIS_R
   Definitions
      At line 153 in file gpio.s
   Uses
      None
Comment: GPIO_PORTQ_MIS_R unused
GPIO_PORTQ_ODR_R 4006650C

Symbol: GPIO_PORTQ_ODR_R
   Definitions
      At line 159 in file gpio.s
   Uses
      None
Comment: GPIO_PORTQ_ODR_R unused
GPIO_PORTQ_PCTL_R 4006652C

Symbol: GPIO_PORTQ_PCTL_R
   Definitions
      At line 167 in file gpio.s
   Uses
      At line 252 in file gpio.s
Comment: GPIO_PORTQ_PCTL_R used once
GPIO_PORTQ_PC_R 40066FC4

Symbol: GPIO_PORTQ_PC_R
   Definitions
      At line 176 in file gpio.s
   Uses
      None
Comment: GPIO_PORTQ_PC_R unused
GPIO_PORTQ_PDR_R 40066514

Symbol: GPIO_PORTQ_PDR_R
   Definitions
      At line 161 in file gpio.s
   Uses
      None



ARM Macro Assembler    Page 21 Alphabetic symbol ordering
Absolute symbols

Comment: GPIO_PORTQ_PDR_R unused
GPIO_PORTQ_PP_R 40066FC0

Symbol: GPIO_PORTQ_PP_R
   Definitions
      At line 175 in file gpio.s
   Uses
      None
Comment: GPIO_PORTQ_PP_R unused
GPIO_PORTQ_PUR_R 40066510

Symbol: GPIO_PORTQ_PUR_R
   Definitions
      At line 160 in file gpio.s
   Uses
      None
Comment: GPIO_PORTQ_PUR_R unused
GPIO_PORTQ_RIS_R 40066414

Symbol: GPIO_PORTQ_RIS_R
   Definitions
      At line 152 in file gpio.s
   Uses
      None
Comment: GPIO_PORTQ_RIS_R unused
GPIO_PORTQ_SI_R 40066538

Symbol: GPIO_PORTQ_SI_R
   Definitions
      At line 170 in file gpio.s
   Uses
      None
Comment: GPIO_PORTQ_SI_R unused
GPIO_PORTQ_SLR_R 40066518

Symbol: GPIO_PORTQ_SLR_R
   Definitions
      At line 162 in file gpio.s
   Uses
      None
Comment: GPIO_PORTQ_SLR_R unused
GPIO_PORTQ_WAKELVL_R 40066544

Symbol: GPIO_PORTQ_WAKELVL_R
   Definitions
      At line 173 in file gpio.s
   Uses
      None
Comment: GPIO_PORTQ_WAKELVL_R unused
GPIO_PORTQ_WAKEPEN_R 40066540

Symbol: GPIO_PORTQ_WAKEPEN_R
   Definitions
      At line 172 in file gpio.s
   Uses
      None
Comment: GPIO_PORTQ_WAKEPEN_R unused
GPIO_PORTQ_WAKESTAT_R 40066548




ARM Macro Assembler    Page 22 Alphabetic symbol ordering
Absolute symbols

Symbol: GPIO_PORTQ_WAKESTAT_R
   Definitions
      At line 174 in file gpio.s
   Uses
      None
Comment: GPIO_PORTQ_WAKESTAT_R unused
SYSCTL_PRGPIO_R 400FEA08

Symbol: SYSCTL_PRGPIO_R
   Definitions
      At line 17 in file gpio.s
   Uses
      At line 213 in file gpio.s
Comment: SYSCTL_PRGPIO_R used once
SYSCTL_RCGCGPIO_R 400FE608

Symbol: SYSCTL_RCGCGPIO_R
   Definitions
      At line 16 in file gpio.s
   Uses
      At line 204 in file gpio.s
Comment: SYSCTL_RCGCGPIO_R used once
156 symbols



ARM Macro Assembler    Page 1 Alphabetic symbol ordering
External symbols

SysTick_Wait1ms 00000000

Symbol: SysTick_Wait1ms
   Definitions
      At line 193 in file gpio.s
   Uses
      None
Comment: SysTick_Wait1ms unused
SysTick_Wait1us 00000000

Symbol: SysTick_Wait1us
   Definitions
      At line 194 in file gpio.s
   Uses
      None
Comment: SysTick_Wait1us unused
2 symbols
505 symbols in table
